
> villa@0.1.0 build
> next build

??? Next.js 16.1.6 (Turbopack)

  Creating an optimized production build ...
npm : Error: Cannot 
apply unknown utility 
class `font-sans`. Are 
you using CSS modules 
or similar and missing 
`@reference`? https://t
ailwindcss.com/docs/fun
ctions-and-directives#r
eference-directive
At line:1 char:1
+ npm run build > 
build_output.log 2>&1
+ ~~~~~~~~~~~~~~~~~~~~~
~~~~~~~~~~~~~~~~
    + CategoryInfo     
         : NotSpecifi  
  ed: (Error: Cannot   
  a...rence-directi    
ve:String) [], Rem    
oteException
    + FullyQualifiedEr 
   rorId : NativeComm  
  andError
 
    [2m[at 
onInvalidCandidate (D:\
My\MyProjects\villa\nod
e_modules\tailwindcss\d
ist\lib.js:21:1314)][0
m
    [2m[at Ee (D:\My\M
yProjects\villa\node_mo
dules\tailwindcss\dist\
lib.js:16:37066)][0m
    [2m[at D:\My\MyPro
jects\villa\node_module
s\tailwindcss\dist\lib.
js:21:355][0m
    [2m[at Pr (D:\My\M
yProjects\villa\node_mo
dules\tailwindcss\dist\
lib.js:3:1733)][0m
    [2m[at _ (D:\My\My
Projects\villa\node_mod
ules\tailwindcss\dist\l
ib.js:3:1377)][0m
    [2m[at Te (D:\My\M
yProjects\villa\node_mo
dules\tailwindcss\dist\
lib.js:21:172)][0m
    [2m[at pn (D:\My\M
yProjects\villa\node_mo
dules\tailwindcss\dist\
lib.js:38:294)][0m
    [2m[at process.pro
cessTicksAndRejections 
(node:internal/process/
task_queues:95:5)][0m
    [2m[at async dn (D
:\My\MyProjects\villa\n
ode_modules\tailwindcss
\dist\lib.js:38:631)][
0m
    [2m[at async Xr (D
:\My\MyProjects\villa\n
ode_modules\@tailwindcs
s\node\dist\index.js:10
:3417)][0m

> Build error occurred
Error: Turbopack build 
failed with 1 errors:
./src/app/globals.css
Error evaluating 
Node.js code
CssSyntaxError: 
tailwindcss: D:\My\MyPr
ojects\villa\src\app\gl
obals.css:1:1: Cannot 
apply unknown utility 
class `font-sans`. Are 
you using CSS modules 
or similar and missing 
`@reference`? https://t
ailwindcss.com/docs/fun
ctions-and-directives#r
eference-directive
    at Input.error (nod
e_modules/postcss/lib/i
nput.js:135:16) [D:\My\
MyProjects\villa\.next\
build\chunks\node_modul
es_fe693df6._.js:4651:2
2]
    at Root.error (node
_modules/postcss/lib/no
de.js:146:32) [D:\My\My
Projects\villa\.next\bu
ild\chunks\node_modules
_fe693df6._.js:928:38]
    [at Object.Once (D:
\My\MyProjects\villa\no
de_modules\@tailwindcss
\postcss\dist\index.js:
10:6913)]
    [at process.process
TicksAndRejections (nod
e:internal/process/task
_queues:95:5)]
    at async 
LazyResult.runAsync (no
de_modules/postcss/lib/
lazy-result.js:293:11) 
[D:\My\MyProjects\villa
\.next\build\chunks\nod
e_modules_fe693df6._.js
:6214:21]
    at async transform 
(turbopack:///[turbopac
k-node]/transforms/post
css.ts:70:34) [D:\My\My
Projects\villa\.next\bu
ild\chunks\[root-of-the
-server]__51225daf._.js
:146:36]
    at async run (turbo
pack:///[turbopack-node
]/ipc/evaluate.ts:92:23
) [D:\My\MyProjects\vil
la\.next\build\chunks\[
root-of-the-server]__97
4941ed._.js:443:31]

Import trace:
  Client Component 
Browser:
    
./src/app/globals.css 
[Client Component 
Browser]
    
./src/app/layout.tsx 
[Server Component]


    at async transform 
(turbopack:///[turbopac
k-node]/transforms/post
css.ts:70:34) [D:\My\My
Projects\villa\.next\bu
ild\chunks\[root-of-the
-server]__51225daf._.js
:146:36])
    at async run (turbo
pack:///[turbopack-node
]/ipc/evaluate.ts:92:23
) [D:\My\MyProjects\vil
la\.next\build\chunks\[
root-of-the-server]__97
4941ed._.js:443:31])
